# JRE version: OpenJDK Runtime Environment Temurin-17.0.11+9 (17.0.11+9) (build 17.0.11+9)
# Java VM: OpenJDK 64-Bit Server VM Temurin-17.0.11+9 (17.0.11+9, mixed mode, tiered, compressed oops, compressed class ptrs, parallel gc, windows-amd64)
GC Precious Log:
 CPUs: 12 total, 12 available
 Memory: 16215M
 Large Page Support: Disabled
 NUMA Support: Disabled
 Compressed Oops: Enabled (32-bit)
 Alignments: Space 512K, Generation 512K, Heap 2M
 Heap Min Capacity: 100M
 Heap Initial Capacity: 100M
 Heap Max Capacity: 1G
 Pre-touch: Disabled
 Parallel Workers: 10
Heap:
 PSYoungGen      total 10240K, used 9823K [0x00000000eab00000, 0x00000000eb700000, 0x0000000100000000)
  eden space 9216K, 99% used [0x00000000eab00000,0x00000000eb3fffd8,0x00000000eb400000)
  from space 1024K, 59% used [0x00000000eb600000,0x00000000eb698020,0x00000000eb700000)
  to   space 1024K, 31% used [0x00000000eb500000,0x00000000eb550020,0x00000000eb600000)
 ParOldGen       total 299520K, used 296943K [0x00000000c0000000, 0x00000000d2480000, 0x00000000eab00000)
  object space 299520K, 99% used [0x00000000c0000000,0x00000000d21fbd28,0x00000000d2480000)
 Metaspace       used 112145K, committed 113600K, reserved 1179648K
  class space    used 10683K, committed 11264K, reserved 1048576K
GC Heap History (20 events):
Event: 60448.007 GC heap after
{Heap after GC invocations=49484 (full 927):
 PSYoungGen      total 10240K, used 1012K [0x00000000eab00000, 0x00000000eb900000, 0x0000000100000000)
  eden space 9216K, 0% used [0x00000000eab00000,0x00000000eab00000,0x00000000eb400000)
  from space 1024K, 98% used [0x00000000eb780000,0x00000000eb87d220,0x00000000eb880000)
  to   space 512K, 0% used [0x00000000eb880000,0x00000000eb880000,0x00000000eb900000)
 ParOldGen       total 299520K, used 294078K [0x00000000c0000000, 0x00000000d2480000, 0x00000000eab00000)
  object space 299520K, 98% used [0x00000000c0000000,0x00000000d1f2fb78,0x00000000d2480000)
 Metaspace       used 112140K, committed 113600K, reserved 1179648K
  class space    used 10683K, committed 11264K, reserved 1048576K
}
Event: 60449.333 GC heap before
{Heap before GC invocations=49485 (full 927):
 PSYoungGen      total 10240K, used 10228K [0x00000000eab00000, 0x00000000eb900000, 0x0000000100000000)
  eden space 9216K, 99% used [0x00000000eab00000,0x00000000eb3ffff8,0x00000000eb400000)
  from space 1024K, 98% used [0x00000000eb780000,0x00000000eb87d220,0x00000000eb880000)
  to   space 512K, 0% used [0x00000000eb880000,0x00000000eb880000,0x00000000eb900000)
 ParOldGen       total 299520K, used 294078K [0x00000000c0000000, 0x00000000d2480000, 0x00000000eab00000)
  object space 299520K, 98% used [0x00000000c0000000,0x00000000d1f2fb78,0x00000000d2480000)
 Metaspace       used 112140K, committed 113600K, reserved 1179648K
  class space    used 10683K, committed 11264K, reserved 1048576K
}
Event: 60449.334 GC heap after
{Heap after GC invocations=49485 (full 927):
 PSYoungGen      total 9728K, used 500K [0x00000000eab00000, 0x00000000eb900000, 0x0000000100000000)
  eden space 9216K, 0% used [0x00000000eab00000,0x00000000eab00000,0x00000000eb400000)
  from space 512K, 97% used [0x00000000eb880000,0x00000000eb8fd230,0x00000000eb900000)
  to   space 1536K, 0% used [0x00000000eb600000,0x00000000eb600000,0x00000000eb780000)
 ParOldGen       total 299520K, used 294773K [0x00000000c0000000, 0x00000000d2480000, 0x00000000eab00000)
  object space 299520K, 98% used [0x00000000c0000000,0x00000000d1fdd618,0x00000000d2480000)
 Metaspace       used 112140K, committed 113600K, reserved 1179648K
  class space    used 10683K, committed 11264K, reserved 1048576K
}
Event: 60449.439 GC heap before
{Heap before GC invocations=49486 (full 927):
 PSYoungGen      total 9728K, used 9716K [0x00000000eab00000, 0x00000000eb900000, 0x0000000100000000)
  eden space 9216K, 100% used [0x00000000eab00000,0x00000000eb400000,0x00000000eb400000)
  from space 512K, 97% used [0x00000000eb880000,0x00000000eb8fd230,0x00000000eb900000)
  to   space 1536K, 0% used [0x00000000eb600000,0x00000000eb600000,0x00000000eb780000)
 ParOldGen       total 299520K, used 294773K [0x00000000c0000000, 0x00000000d2480000, 0x00000000eab00000)
  object space 299520K, 98% used [0x00000000c0000000,0x00000000d1fdd618,0x00000000d2480000)
 Metaspace       used 112140K, committed 113600K, reserved 1179648K
  class space    used 10683K, committed 11264K, reserved 1048576K
}
Event: 60449.440 GC heap after
{Heap after GC invocations=49486 (full 927):
 PSYoungGen      total 10752K, used 1534K [0x00000000eab00000, 0x00000000eb900000, 0x0000000100000000)
  eden space 9216K, 0% used [0x00000000eab00000,0x00000000eab00000,0x00000000eb400000)
  from space 1536K, 99% used [0x00000000eb600000,0x00000000eb77fb60,0x00000000eb780000)
  to   space 1536K, 0% used [0x00000000eb780000,0x00000000eb780000,0x00000000eb900000)
 ParOldGen       total 299520K, used 294781K [0x00000000c0000000, 0x00000000d2480000, 0x00000000eab00000)
  object space 299520K, 98% used [0x00000000c0000000,0x00000000d1fdf618,0x00000000d2480000)
 Metaspace       used 112140K, committed 113600K, reserved 1179648K
  class space    used 10683K, committed 11264K, reserved 1048576K
}
Event: 60449.632 GC heap before
{Heap before GC invocations=49487 (full 927):
 PSYoungGen      total 10752K, used 10750K [0x00000000eab00000, 0x00000000eb900000, 0x0000000100000000)
  eden space 9216K, 100% used [0x00000000eab00000,0x00000000eb400000,0x00000000eb400000)
  from space 1536K, 99% used [0x00000000eb600000,0x00000000eb77fb60,0x00000000eb780000)
  to   space 1536K, 0% used [0x00000000eb780000,0x00000000eb780000,0x00000000eb900000)
 ParOldGen       total 299520K, used 294781K [0x00000000c0000000, 0x00000000d2480000, 0x00000000eab00000)
  object space 299520K, 98% used [0x00000000c0000000,0x00000000d1fdf618,0x00000000d2480000)
 Metaspace       used 112140K, committed 113600K, reserved 1179648K
  class space    used 10683K, committed 11264K, reserved 1048576K
}
Event: 60449.634 GC heap after
{Heap after GC invocations=49487 (full 927):
 PSYoungGen      total 10752K, used 1518K [0x00000000eab00000, 0x00000000eb900000, 0x0000000100000000)
  eden space 9216K, 0% used [0x00000000eab00000,0x00000000eab00000,0x00000000eb400000)
  from space 1536K, 98% used [0x00000000eb780000,0x00000000eb8fbb50,0x00000000eb900000)
  to   space 2048K, 0% used [0x00000000eb500000,0x00000000eb500000,0x00000000eb700000)
 ParOldGen       total 299520K, used 294885K [0x00000000c0000000, 0x00000000d2480000, 0x00000000eab00000)
  object space 299520K, 98% used [0x00000000c0000000,0x00000000d1ff9618,0x00000000d2480000)
 Metaspace       used 112140K, committed 113600K, reserved 1179648K
  class space    used 10683K, committed 11264K, reserved 1048576K
}
Event: 60492.703 GC heap before
{Heap before GC invocations=49488 (full 927):
 PSYoungGen      total 10752K, used 10734K [0x00000000eab00000, 0x00000000eb900000, 0x0000000100000000)
  eden space 9216K, 100% used [0x00000000eab00000,0x00000000eb400000,0x00000000eb400000)
  from space 1536K, 98% used [0x00000000eb780000,0x00000000eb8fbb50,0x00000000eb900000)
  to   space 2048K, 0% used [0x00000000eb500000,0x00000000eb500000,0x00000000eb700000)
 ParOldGen       total 299520K, used 294885K [0x00000000c0000000, 0x00000000d2480000, 0x00000000eab00000)
  object space 299520K, 98% used [0x00000000c0000000,0x00000000d1ff9618,0x00000000d2480000)
 Metaspace       used 112140K, committed 113600K, reserved 1179648K
  class space    used 10683K, committed 11264K, reserved 1048576K
}
Event: 60492.706 GC heap after
{Heap after GC invocations=49488 (full 927):
 PSYoungGen      total 10752K, used 1268K [0x00000000eab00000, 0x00000000eb800000, 0x0000000100000000)
  eden space 9216K, 0% used [0x00000000eab00000,0x00000000eab00000,0x00000000eb400000)
  from space 1536K, 82% used [0x00000000eb500000,0x00000000eb63d220,0x00000000eb680000)
  to   space 1536K, 0% used [0x00000000eb680000,0x00000000eb680000,0x00000000eb800000)
 ParOldGen       total 299520K, used 295406K [0x00000000c0000000, 0x00000000d2480000, 0x00000000eab00000)
  object space 299520K, 98% used [0x00000000c0000000,0x00000000d207ba08,0x00000000d2480000)
 Metaspace       used 112140K, committed 113600K, reserved 1179648K
  class space    used 10683K, committed 11264K, reserved 1048576K
}
Event: 60501.879 GC heap before
{Heap before GC invocations=49489 (full 927):
 PSYoungGen      total 10752K, used 10484K [0x00000000eab00000, 0x00000000eb800000, 0x0000000100000000)
  eden space 9216K, 100% used [0x00000000eab00000,0x00000000eb400000,0x00000000eb400000)
  from space 1536K, 82% used [0x00000000eb500000,0x00000000eb63d220,0x00000000eb680000)
  to   space 1536K, 0% used [0x00000000eb680000,0x00000000eb680000,0x00000000eb800000)
 ParOldGen       total 299520K, used 295406K [0x00000000c0000000, 0x00000000d2480000, 0x00000000eab00000)
  object space 299520K, 98% used [0x00000000c0000000,0x00000000d207ba08,0x00000000d2480000)
 Metaspace       used 112140K, committed 113600K, reserved 1179648K
  class space    used 10683K, committed 11264K, reserved 1048576K
}
Event: 60501.880 GC heap after
{Heap after GC invocations=49489 (full 927):
 PSYoungGen      total 10752K, used 1284K [0x00000000eab00000, 0x00000000eb800000, 0x0000000100000000)
  eden space 9216K, 0% used [0x00000000eab00000,0x00000000eab00000,0x00000000eb400000)
  from space 1536K, 83% used [0x00000000eb680000,0x00000000eb7c1230,0x00000000eb800000)
  to   space 1536K, 0% used [0x00000000eb500000,0x00000000eb500000,0x00000000eb680000)
 ParOldGen       total 299520K, used 295406K [0x00000000c0000000, 0x00000000d2480000, 0x00000000eab00000)
  object space 299520K, 98% used [0x00000000c0000000,0x00000000d207ba08,0x00000000d2480000)
 Metaspace       used 112140K, committed 113600K, reserved 1179648K
  class space    used 10683K, committed 11264K, reserved 1048576K
}
Event: 60564.054 GC heap before
{Heap before GC invocations=49490 (full 927):
 PSYoungGen      total 10752K, used 10500K [0x00000000eab00000, 0x00000000eb800000, 0x0000000100000000)
  eden space 9216K, 100% used [0x00000000eab00000,0x00000000eb400000,0x00000000eb400000)
  from space 1536K, 83% used [0x00000000eb680000,0x00000000eb7c1230,0x00000000eb800000)
  to   space 1536K, 0% used [0x00000000eb500000,0x00000000eb500000,0x00000000eb680000)
 ParOldGen       total 299520K, used 295406K [0x00000000c0000000, 0x00000000d2480000, 0x00000000eab00000)
  object space 299520K, 98% used [0x00000000c0000000,0x00000000d207ba08,0x00000000d2480000)
 Metaspace       used 112140K, committed 113600K, reserved 1179648K
  class space    used 10683K, committed 11264K, reserved 1048576K
}
Event: 60564.055 GC heap after
{Heap after GC invocations=49490 (full 927):
 PSYoungGen      total 10752K, used 1428K [0x00000000eab00000, 0x00000000eb700000, 0x0000000100000000)
  eden space 9216K, 0% used [0x00000000eab00000,0x00000000eab00000,0x00000000eb400000)
  from space 1536K, 93% used [0x00000000eb500000,0x00000000eb665220,0x00000000eb680000)
  to   space 512K, 0% used [0x00000000eb680000,0x00000000eb680000,0x00000000eb700000)
 ParOldGen       total 299520K, used 295406K [0x00000000c0000000, 0x00000000d2480000, 0x00000000eab00000)
  object space 299520K, 98% used [0x00000000c0000000,0x00000000d207ba08,0x00000000d2480000)
 Metaspace       used 112140K, committed 113600K, reserved 1179648K
  class space    used 10683K, committed 11264K, reserved 1048576K
}
Event: 60564.715 GC heap before
{Heap before GC invocations=49491 (full 927):
 PSYoungGen      total 10752K, used 10644K [0x00000000eab00000, 0x00000000eb700000, 0x0000000100000000)
  eden space 9216K, 100% used [0x00000000eab00000,0x00000000eb400000,0x00000000eb400000)
  from space 1536K, 93% used [0x00000000eb500000,0x00000000eb665220,0x00000000eb680000)
  to   space 512K, 0% used [0x00000000eb680000,0x00000000eb680000,0x00000000eb700000)
 ParOldGen       total 299520K, used 295406K [0x00000000c0000000, 0x00000000d2480000, 0x00000000eab00000)
  object space 299520K, 98% used [0x00000000c0000000,0x00000000d207ba08,0x00000000d2480000)
 Metaspace       used 112140K, committed 113600K, reserved 1179648K
  class space    used 10683K, committed 11264K, reserved 1048576K
}
Event: 60564.716 GC heap after
{Heap after GC invocations=49491 (full 927):
 PSYoungGen      total 9728K, used 500K [0x00000000eab00000, 0x00000000eb800000, 0x0000000100000000)
  eden space 9216K, 0% used [0x00000000eab00000,0x00000000eab00000,0x00000000eb400000)
  from space 512K, 97% used [0x00000000eb680000,0x00000000eb6fd210,0x00000000eb700000)
  to   space 2048K, 0% used [0x00000000eb400000,0x00000000eb400000,0x00000000eb600000)
 ParOldGen       total 299520K, used 296458K [0x00000000c0000000, 0x00000000d2480000, 0x00000000eab00000)
  object space 299520K, 98% used [0x00000000c0000000,0x00000000d2182a38,0x00000000d2480000)
 Metaspace       used 112140K, committed 113600K, reserved 1179648K
  class space    used 10683K, committed 11264K, reserved 1048576K
}
Event: 60629.968 GC heap before
{Heap before GC invocations=49492 (full 927):
 PSYoungGen      total 9728K, used 9716K [0x00000000eab00000, 0x00000000eb800000, 0x0000000100000000)
  eden space 9216K, 100% used [0x00000000eab00000,0x00000000eb400000,0x00000000eb400000)
  from space 512K, 97% used [0x00000000eb680000,0x00000000eb6fd210,0x00000000eb700000)
  to   space 2048K, 0% used [0x00000000eb400000,0x00000000eb400000,0x00000000eb600000)
 ParOldGen       total 299520K, used 296458K [0x00000000c0000000, 0x00000000d2480000, 0x00000000eab00000)
  object space 299520K, 98% used [0x00000000c0000000,0x00000000d2182a38,0x00000000d2480000)
 Metaspace       used 112145K, committed 113600K, reserved 1179648K
  class space    used 10683K, committed 11264K, reserved 1048576K
}
Event: 60629.969 GC heap after
{Heap after GC invocations=49492 (full 927):
 PSYoungGen      total 11264K, used 480K [0x00000000eab00000, 0x00000000eb700000, 0x0000000100000000)
  eden space 9216K, 0% used [0x00000000eab00000,0x00000000eab00000,0x00000000eb400000)
  from space 2048K, 23% used [0x00000000eb400000,0x00000000eb478020,0x00000000eb600000)
  to   space 1024K, 0% used [0x00000000eb600000,0x00000000eb600000,0x00000000eb700000)
 ParOldGen       total 299520K, used 296943K [0x00000000c0000000, 0x00000000d2480000, 0x00000000eab00000)
  object space 299520K, 99% used [0x00000000c0000000,0x00000000d21fbd28,0x00000000d2480000)
 Metaspace       used 112145K, committed 113600K, reserved 1179648K
  class space    used 10683K, committed 11264K, reserved 1048576K
}
Event: 60631.258 GC heap before
{Heap before GC invocations=49493 (full 927):
 PSYoungGen      total 11264K, used 9696K [0x00000000eab00000, 0x00000000eb700000, 0x0000000100000000)
  eden space 9216K, 100% used [0x00000000eab00000,0x00000000eb400000,0x00000000eb400000)
  from space 2048K, 23% used [0x00000000eb400000,0x00000000eb478020,0x00000000eb600000)
  to   space 1024K, 0% used [0x00000000eb600000,0x00000000eb600000,0x00000000eb700000)
 ParOldGen       total 299520K, used 296943K [0x00000000c0000000, 0x00000000d2480000, 0x00000000eab00000)
  object space 299520K, 99% used [0x00000000c0000000,0x00000000d21fbd28,0x00000000d2480000)
 Metaspace       used 112145K, committed 113600K, reserved 1179648K
  class space    used 10683K, committed 11264K, reserved 1048576K
}
Event: 60631.259 GC heap after
{Heap after GC invocations=49493 (full 927):
 PSYoungGen      total 10240K, used 608K [0x00000000eab00000, 0x00000000eb700000, 0x0000000100000000)
  eden space 9216K, 0% used [0x00000000eab00000,0x00000000eab00000,0x00000000eb400000)
  from space 1024K, 59% used [0x00000000eb600000,0x00000000eb698020,0x00000000eb700000)
  to   space 1024K, 0% used [0x00000000eb500000,0x00000000eb500000,0x00000000eb600000)
 ParOldGen       total 299520K, used 296943K [0x00000000c0000000, 0x00000000d2480000, 0x00000000eab00000)
  object space 299520K, 99% used [0x00000000c0000000,0x00000000d21fbd28,0x00000000d2480000)
 Metaspace       used 112145K, committed 113600K, reserved 1179648K
  class space    used 10683K, committed 11264K, reserved 1048576K
}
Event: 60687.147 GC heap before
{Heap before GC invocations=49494 (full 927):
 PSYoungGen      total 10240K, used 9823K [0x00000000eab00000, 0x00000000eb700000, 0x0000000100000000)
  eden space 9216K, 99% used [0x00000000eab00000,0x00000000eb3fffd8,0x00000000eb400000)
  from space 1024K, 59% used [0x00000000eb600000,0x00000000eb698020,0x00000000eb700000)
  to   space 1024K, 0% used [0x00000000eb500000,0x00000000eb500000,0x00000000eb600000)
 ParOldGen       total 299520K, used 296943K [0x00000000c0000000, 0x00000000d2480000, 0x00000000eab00000)
  object space 299520K, 99% used [0x00000000c0000000,0x00000000d21fbd28,0x00000000d2480000)
 Metaspace       used 112145K, committed 113600K, reserved 1179648K
  class space    used 10683K, committed 11264K, reserved 1048576K
}

